<?xml version="1.0" encoding="UTF-8" standalone="yes"?><!DOCTYPE report PUBLIC "-//JACOCO//DTD Report 1.1//EN" "report.dtd"><report name="JaCoCo Coverage Report"><sessioninfo id="brandons-mbp.devices.brown.edu-615629f7" start="1652375823163" dump="1652375823202"/><sessioninfo id="brandons-mbp.devices.brown.edu-b69571a7" start="1652375823265" dump="1652375823303"/><sessioninfo id="brandons-mbp.devices.brown.edu-9b5dfbef" start="1652375823361" dump="1652375823400"/><sessioninfo id="brandons-mbp.devices.brown.edu-8f5b4b26" start="1652375823676" dump="1652375823715"/><sessioninfo id="brandons-mbp.devices.brown.edu-4f53bdc" start="1652375824004" dump="1652375824043"/><sessioninfo id="brandons-mbp.devices.brown.edu-de9bb02f" start="1652375824099" dump="1652375824137"/><sessioninfo id="brandons-mbp.devices.brown.edu-70c3544b" start="1652375824194" dump="1652375824232"/><sessioninfo id="brandons-mbp.devices.brown.edu-f1cabd9" start="1652375824289" dump="1652375824327"/><sessioninfo id="brandons-mbp.devices.brown.edu-b746842d" start="1652375824384" dump="1652375824423"/><sessioninfo id="brandons-mbp.devices.brown.edu-379e0c8" start="1652375824479" dump="1652375824517"/><sessioninfo id="brandons-mbp.devices.brown.edu-8e270fe3" start="1652375824574" dump="1652375824612"/><sessioninfo id="brandons-mbp.devices.brown.edu-dac825d1" start="1652375824669" dump="1652375824707"/><sessioninfo id="brandons-mbp.devices.brown.edu-9659672a" start="1652375824765" dump="1652375824803"/><sessioninfo id="brandons-mbp.devices.brown.edu-87f00d21" start="1652375824862" dump="1652375824900"/><sessioninfo id="brandons-mbp.devices.brown.edu-981d44b5" start="1652375824958" dump="1652375824996"/><sessioninfo id="brandons-mbp.devices.brown.edu-73414e95" start="1652375825053" dump="1652375825091"/><sessioninfo id="brandons-mbp.devices.brown.edu-4354e43b" start="1652375825148" dump="1652375825186"/><package name="edu/brown/cs/student/calculator"><class name="edu/brown/cs/student/calculator/Calculator" sourcefilename="Calculator.java"><method name="&lt;init&gt;" desc="()V" line="3"><counter type="INSTRUCTION" missed="3" covered="0"/><counter type="LINE" missed="1" covered="0"/><counter type="COMPLEXITY" missed="1" covered="0"/><counter type="METHOD" missed="1" covered="0"/></method><method name="add" desc="(II)I" line="5"><counter type="INSTRUCTION" missed="0" covered="4"/><counter type="LINE" missed="0" covered="1"/><counter type="COMPLEXITY" missed="0" covered="1"/><counter type="METHOD" missed="0" covered="1"/></method><method name="multiply" desc="(II)I" line="8"><counter type="INSTRUCTION" missed="0" covered="4"/><counter type="LINE" missed="0" covered="1"/><counter type="COMPLEXITY" missed="0" covered="1"/><counter type="METHOD" missed="0" covered="1"/></method><counter type="INSTRUCTION" missed="3" covered="8"/><counter type="LINE" missed="1" covered="2"/><counter type="COMPLEXITY" missed="1" covered="2"/><counter type="METHOD" missed="1" covered="2"/><counter type="CLASS" missed="0" covered="1"/></class><class name="edu/brown/cs/student/calculator/REPL" sourcefilename="REPL.java"><method name="&lt;init&gt;" desc="()V" line="7"><counter type="INSTRUCTION" missed="3" covered="0"/><counter type="LINE" missed="1" covered="0"/><counter type="COMPLEXITY" missed="1" covered="0"/><counter type="METHOD" missed="1" covered="0"/></method><method name="run" desc="()V" line="9"><counter type="INSTRUCTION" missed="15" covered="85"/><counter type="BRANCH" missed="2" covered="10"/><counter type="LINE" missed="8" covered="24"/><counter type="COMPLEXITY" missed="2" covered="6"/><counter type="METHOD" missed="0" covered="1"/></method><counter type="INSTRUCTION" missed="18" covered="85"/><counter type="BRANCH" missed="2" covered="10"/><counter type="LINE" missed="9" covered="24"/><counter type="COMPLEXITY" missed="3" covered="6"/><counter type="METHOD" missed="1" covered="1"/><counter type="CLASS" missed="0" covered="1"/></class><class name="edu/brown/cs/student/calculator/Main" sourcefilename="Main.java"><method name="&lt;init&gt;" desc="()V" line="5"><counter type="INSTRUCTION" missed="3" covered="0"/><counter type="LINE" missed="1" covered="0"/><counter type="COMPLEXITY" missed="1" covered="0"/><counter type="METHOD" missed="1" covered="0"/></method><method name="main" desc="([Ljava/lang/String;)V" line="7"><counter type="INSTRUCTION" missed="0" covered="2"/><counter type="LINE" missed="0" covered="2"/><counter type="COMPLEXITY" missed="0" covered="1"/><counter type="METHOD" missed="0" covered="1"/></method><counter type="INSTRUCTION" missed="3" covered="2"/><counter type="LINE" missed="1" covered="2"/><counter type="COMPLEXITY" missed="1" covered="1"/><counter type="METHOD" missed="1" covered="1"/><counter type="CLASS" missed="0" covered="1"/></class><sourcefile name="Calculator.java"><line nr="3" mi="3" ci="0" mb="0" cb="0"/><line nr="5" mi="0" ci="4" mb="0" cb="0"/><line nr="8" mi="0" ci="4" mb="0" cb="0"/><counter type="INSTRUCTION" missed="3" covered="8"/><counter type="LINE" missed="1" covered="2"/><counter type="COMPLEXITY" missed="1" covered="2"/><counter type="METHOD" missed="1" covered="2"/><counter type="CLASS" missed="0" covered="1"/></sourcefile><sourcefile name="Main.java"><line nr="5" mi="3" ci="0" mb="0" cb="0"/><line nr="7" mi="0" ci="1" mb="0" cb="0"/><line nr="8" mi="0" ci="1" mb="0" cb="0"/><counter type="INSTRUCTION" missed="3" covered="2"/><counter type="LINE" missed="1" covered="2"/><counter type="COMPLEXITY" missed="1" covered="1"/><counter type="METHOD" missed="1" covered="1"/><counter type="CLASS" missed="0" covered="1"/></sourcefile><sourcefile name="REPL.java"><line nr="7" mi="3" ci="0" mb="0" cb="0"/><line nr="9" mi="0" ci="8" mb="0" cb="0"/><line nr="10" mi="0" ci="2" mb="0" cb="0"/><line nr="11" mi="0" ci="2" mb="1" cb="1"/><line nr="12" mi="0" ci="3" mb="0" cb="0"/><line nr="13" mi="0" ci="3" mb="0" cb="2"/><line nr="14" mi="0" ci="4" mb="0" cb="0"/><line nr="15" mi="0" ci="10" mb="1" cb="3"/><line nr="17" mi="0" ci="4" mb="0" cb="2"/><line nr="18" mi="0" ci="3" mb="0" cb="0"/><line nr="19" mi="0" ci="1" mb="0" cb="0"/><line nr="22" mi="0" ci="5" mb="0" cb="0"/><line nr="23" mi="0" ci="5" mb="0" cb="0"/><line nr="24" mi="0" ci="5" mb="0" cb="0"/><line nr="25" mi="0" ci="1" mb="0" cb="0"/><line nr="26" mi="1" ci="0" mb="0" cb="0"/><line nr="27" mi="3" ci="0" mb="0" cb="0"/><line nr="28" mi="1" ci="0" mb="0" cb="0"/><line nr="31" mi="0" ci="4" mb="0" cb="2"/><line nr="32" mi="0" ci="3" mb="0" cb="0"/><line nr="33" mi="0" ci="1" mb="0" cb="0"/><line nr="36" mi="0" ci="5" mb="0" cb="0"/><line nr="37" mi="0" ci="5" mb="0" cb="0"/><line nr="38" mi="0" ci="5" mb="0" cb="0"/><line nr="39" mi="0" ci="1" mb="0" cb="0"/><line nr="40" mi="1" ci="0" mb="0" cb="0"/><line nr="41" mi="3" ci="0" mb="0" cb="0"/><line nr="44" mi="2" ci="0" mb="0" cb="0"/><line nr="45" mi="3" ci="0" mb="0" cb="0"/><line nr="46" mi="1" ci="0" mb="0" cb="0"/><line nr="48" mi="0" ci="3" mb="0" cb="0"/><line nr="51" mi="0" ci="1" mb="0" cb="0"/><line nr="52" mi="0" ci="1" mb="0" cb="0"/><counter type="INSTRUCTION" missed="18" covered="85"/><counter type="BRANCH" missed="2" covered="10"/><counter type="LINE" missed="9" covered="24"/><counter type="COMPLEXITY" missed="3" covered="6"/><counter type="METHOD" missed="1" covered="1"/><counter type="CLASS" missed="0" covered="1"/></sourcefile><counter type="INSTRUCTION" missed="24" covered="95"/><counter type="BRANCH" missed="2" covered="10"/><counter type="LINE" missed="11" covered="28"/><counter type="COMPLEXITY" missed="5" covered="9"/><counter type="METHOD" missed="3" covered="4"/><counter type="CLASS" missed="0" covered="3"/></package><counter type="INSTRUCTION" missed="24" covered="95"/><counter type="BRANCH" missed="2" covered="10"/><counter type="LINE" missed="11" covered="28"/><counter type="COMPLEXITY" missed="5" covered="9"/><counter type="METHOD" missed="3" covered="4"/><counter type="CLASS" missed="0" covered="3"/></report>